c:\users\usuario_local\documents\proyectossdl\holasdl\debug\vc141.pdb
c:\users\usuario_local\documents\proyectossdl\holasdl\debug\vc141.idb
c:\users\usuario_local\documents\proyectossdl\holasdl\debug\main.obj
c:\users\usuario_local\documents\proyectossdl\holasdl\debug\wall.obj
c:\users\usuario_local\documents\proyectossdl\holasdl\debug\vector2d.obj
c:\users\usuario_local\documents\proyectossdl\holasdl\debug\texture.obj
c:\users\usuario_local\documents\proyectossdl\holasdl\debug\paddle.obj
c:\users\usuario_local\documents\proyectossdl\holasdl\debug\game.obj
c:\users\usuario_local\documents\proyectossdl\holasdl\debug\blocksmap.obj
c:\users\usuario_local\documents\proyectossdl\holasdl\debug\block.obj
c:\users\usuario_local\documents\proyectossdl\holasdl\debug\ball.obj
c:\users\usuario_local\documents\proyectossdl\bin\holasdldebug.pdb
c:\users\usuario_local\documents\proyectossdl\holasdl\debug\holasdl.tlog\cl.command.1.tlog
c:\users\usuario_local\documents\proyectossdl\holasdl\debug\holasdl.tlog\cl.read.1.tlog
c:\users\usuario_local\documents\proyectossdl\holasdl\debug\holasdl.tlog\cl.write.1.tlog
c:\users\usuario_local\documents\proyectossdl\holasdl\debug\holasdl.tlog\link-cvtres.read.1.tlog
c:\users\usuario_local\documents\proyectossdl\holasdl\debug\holasdl.tlog\link-cvtres.write.1.tlog
c:\users\usuario_local\documents\proyectossdl\holasdl\debug\holasdl.tlog\link-rc.read.1.tlog
c:\users\usuario_local\documents\proyectossdl\holasdl\debug\holasdl.tlog\link-rc.write.1.tlog
c:\users\usuario_local\documents\proyectossdl\holasdl\debug\holasdl.tlog\link.6240-cvtres.read.1.tlog
c:\users\usuario_local\documents\proyectossdl\holasdl\debug\holasdl.tlog\link.6240-cvtres.write.1.tlog
c:\users\usuario_local\documents\proyectossdl\holasdl\debug\holasdl.tlog\link.6240-rc.read.1.tlog
c:\users\usuario_local\documents\proyectossdl\holasdl\debug\holasdl.tlog\link.6240-rc.write.1.tlog
c:\users\usuario_local\documents\proyectossdl\holasdl\debug\holasdl.tlog\link.6240.read.1.tlog
c:\users\usuario_local\documents\proyectossdl\holasdl\debug\holasdl.tlog\link.6240.write.1.tlog
c:\users\usuario_local\documents\proyectossdl\holasdl\debug\holasdl.tlog\link.command.1.tlog
c:\users\usuario_local\documents\proyectossdl\holasdl\debug\holasdl.tlog\link.read.1.tlog
c:\users\usuario_local\documents\proyectossdl\holasdl\debug\holasdl.tlog\link.write.1.tlog
